{"/home/higorasilverio/curotec/backend/src/app.ts": {"path":"/home/higorasilverio/curotec/backend/src/app.ts","statementMap":{"0":{"start":{"line":1,"column":0},"end":{"line":1,"column":30}},"1":{"start":{"line":2,"column":0},"end":{"line":2,"column":24}},"2":{"start":{"line":3,"column":0},"end":{"line":3,"column":35}},"3":{"start":{"line":4,"column":0},"end":{"line":4,"column":58}},"4":{"start":{"line":5,"column":0},"end":{"line":5,"column":46}},"5":{"start":{"line":6,"column":0},"end":{"line":6,"column":43}},"6":{"start":{"line":7,"column":0},"end":{"line":7,"column":47}},"7":{"start":{"line":9,"column":12},"end":{"line":9,"column":21}},"8":{"start":{"line":10,"column":0},"end":{"line":10,"column":16}},"9":{"start":{"line":11,"column":0},"end":{"line":11,"column":24}},"10":{"start":{"line":13,"column":0},"end":{"line":13,"column":68}},"11":{"start":{"line":15,"column":0},"end":{"line":15,"column":33}},"12":{"start":{"line":16,"column":0},"end":{"line":16,"column":29}},"13":{"start":{"line":18,"column":0},"end":{"line":20,"column":3}},"14":{"start":{"line":19,"column":2},"end":{"line":19,"column":47}},"15":{"start":{"line":22,"column":0},"end":{"line":22,"column":22}},"16":{"start":{"line":24,"column":0},"end":{"line":24,"column":19}}},"fnMap":{"0":{"name":"(anonymous_1)","decl":{"start":{"line":18,"column":8},"end":{"line":18,"column":9}},"loc":{"start":{"line":18,"column":21},"end":{"line":20,"column":1}}}},"branchMap":{},"s":{"0":1,"1":1,"2":1,"3":1,"4":1,"5":1,"6":1,"7":1,"8":1,"9":1,"10":1,"11":1,"12":1,"13":1,"14":0,"15":1,"16":1},"f":{"0":0},"b":{}}
,"/home/higorasilverio/curotec/backend/src/config/swagger.ts": {"path":"/home/higorasilverio/curotec/backend/src/config/swagger.ts","statementMap":{"0":{"start":{"line":1,"column":0},"end":{"line":1,"column":41}},"1":{"start":{"line":3,"column":13},"end":{"line":38,"column":3}}},"fnMap":{},"branchMap":{},"s":{"0":1,"1":1},"f":{},"b":{}}
,"/home/higorasilverio/curotec/backend/src/controllers/task.controller.ts": {"path":"/home/higorasilverio/curotec/backend/src/controllers/task.controller.ts","statementMap":{"0":{"start":{"line":2,"column":0},"end":{"line":2,"column":56}},"1":{"start":{"line":4,"column":27},"end":{"line":34,"column":2}},"2":{"start":{"line":8,"column":4},"end":{"line":34,"column":2}},"3":{"start":{"line":9,"column":2},"end":{"line":33,"column":3}},"4":{"start":{"line":11,"column":6},"end":{"line":11,"column":15}},"5":{"start":{"line":12,"column":27},"end":{"line":12,"column":52}},"6":{"start":{"line":14,"column":24},"end":{"line":14,"column":52}},"7":{"start":{"line":15,"column":21},"end":{"line":15,"column":50}},"8":{"start":{"line":17,"column":29},"end":{"line":22,"column":6}},"9":{"start":{"line":24,"column":4},"end":{"line":30,"column":7}},"10":{"start":{"line":32,"column":4},"end":{"line":32,"column":14}},"11":{"start":{"line":4,"column":13},"end":{"line":4,"column":27}},"12":{"start":{"line":36,"column":27},"end":{"line":51,"column":2}},"13":{"start":{"line":40,"column":19},"end":{"line":51,"column":2}},"14":{"start":{"line":41,"column":2},"end":{"line":50,"column":3}},"15":{"start":{"line":42,"column":17},"end":{"line":42,"column":62}},"16":{"start":{"line":43,"column":4},"end":{"line":46,"column":5}},"17":{"start":{"line":44,"column":6},"end":{"line":44,"column":58}},"18":{"start":{"line":45,"column":6},"end":{"line":45,"column":13}},"19":{"start":{"line":47,"column":4},"end":{"line":47,"column":19}},"20":{"start":{"line":49,"column":4},"end":{"line":49,"column":14}},"21":{"start":{"line":36,"column":13},"end":{"line":36,"column":27}},"22":{"start":{"line":53,"column":26},"end":{"line":64,"column":2}},"23":{"start":{"line":57,"column":4},"end":{"line":64,"column":2}},"24":{"start":{"line":58,"column":2},"end":{"line":63,"column":3}},"25":{"start":{"line":59,"column":17},"end":{"line":59,"column":55}},"26":{"start":{"line":60,"column":4},"end":{"line":60,"column":31}},"27":{"start":{"line":62,"column":4},"end":{"line":62,"column":14}},"28":{"start":{"line":53,"column":13},"end":{"line":53,"column":26}},"29":{"start":{"line":66,"column":26},"end":{"line":81,"column":2}},"30":{"start":{"line":70,"column":19},"end":{"line":81,"column":2}},"31":{"start":{"line":71,"column":2},"end":{"line":80,"column":3}},"32":{"start":{"line":72,"column":20},"end":{"line":72,"column":74}},"33":{"start":{"line":73,"column":4},"end":{"line":76,"column":5}},"34":{"start":{"line":74,"column":6},"end":{"line":74,"column":58}},"35":{"start":{"line":75,"column":6},"end":{"line":75,"column":13}},"36":{"start":{"line":77,"column":4},"end":{"line":77,"column":22}},"37":{"start":{"line":79,"column":4},"end":{"line":79,"column":14}},"38":{"start":{"line":66,"column":13},"end":{"line":66,"column":26}},"39":{"start":{"line":83,"column":26},"end":{"line":94,"column":2}},"40":{"start":{"line":87,"column":4},"end":{"line":94,"column":2}},"41":{"start":{"line":88,"column":2},"end":{"line":93,"column":3}},"42":{"start":{"line":89,"column":4},"end":{"line":89,"column":49}},"43":{"start":{"line":90,"column":4},"end":{"line":90,"column":27}},"44":{"start":{"line":92,"column":4},"end":{"line":92,"column":14}},"45":{"start":{"line":83,"column":13},"end":{"line":83,"column":26}}},"fnMap":{"0":{"name":"(anonymous_16)","decl":{"start":{"line":4,"column":27},"end":{"line":4,"column":null}},"loc":{"start":{"line":8,"column":4},"end":{"line":34,"column":2}}},"1":{"name":"(anonymous_17)","decl":{"start":{"line":8,"column":4},"end":{"line":8,"column":null}},"loc":{"start":{"line":8,"column":4},"end":{"line":34,"column":1}}},"2":{"name":"(anonymous_18)","decl":{"start":{"line":36,"column":27},"end":{"line":36,"column":null}},"loc":{"start":{"line":40,"column":19},"end":{"line":51,"column":2}}},"3":{"name":"(anonymous_19)","decl":{"start":{"line":40,"column":19},"end":{"line":40,"column":null}},"loc":{"start":{"line":40,"column":19},"end":{"line":51,"column":1}}},"4":{"name":"(anonymous_20)","decl":{"start":{"line":53,"column":26},"end":{"line":53,"column":null}},"loc":{"start":{"line":57,"column":4},"end":{"line":64,"column":2}}},"5":{"name":"(anonymous_21)","decl":{"start":{"line":57,"column":4},"end":{"line":57,"column":null}},"loc":{"start":{"line":57,"column":4},"end":{"line":64,"column":1}}},"6":{"name":"(anonymous_22)","decl":{"start":{"line":66,"column":26},"end":{"line":66,"column":null}},"loc":{"start":{"line":70,"column":19},"end":{"line":81,"column":2}}},"7":{"name":"(anonymous_23)","decl":{"start":{"line":70,"column":19},"end":{"line":70,"column":null}},"loc":{"start":{"line":70,"column":19},"end":{"line":81,"column":1}}},"8":{"name":"(anonymous_24)","decl":{"start":{"line":83,"column":26},"end":{"line":83,"column":null}},"loc":{"start":{"line":87,"column":4},"end":{"line":94,"column":2}}},"9":{"name":"(anonymous_25)","decl":{"start":{"line":87,"column":4},"end":{"line":87,"column":null}},"loc":{"start":{"line":87,"column":4},"end":{"line":94,"column":1}}}},"branchMap":{"0":{"loc":{"start":{"line":10,"column":12},"end":{"line":10,"column":23}},"type":"default-arg","locations":[{"start":{"line":10,"column":21},"end":{"line":10,"column":23}}]},"1":{"loc":{"start":{"line":10,"column":25},"end":{"line":10,"column":35}},"type":"default-arg","locations":[{"start":{"line":10,"column":32},"end":{"line":10,"column":35}}]},"2":{"loc":{"start":{"line":10,"column":37},"end":{"line":10,"column":48}},"type":"default-arg","locations":[{"start":{"line":10,"column":45},"end":{"line":10,"column":48}}]},"3":{"loc":{"start":{"line":10,"column":50},"end":{"line":10,"column":74}},"type":"default-arg","locations":[{"start":{"line":10,"column":67},"end":{"line":10,"column":74}}]},"4":{"loc":{"start":{"line":43,"column":4},"end":{"line":46,"column":5}},"type":"if","locations":[{"start":{"line":43,"column":4},"end":{"line":46,"column":5}},{"start":{},"end":{}}]},"5":{"loc":{"start":{"line":73,"column":4},"end":{"line":76,"column":5}},"type":"if","locations":[{"start":{"line":73,"column":4},"end":{"line":76,"column":5}},{"start":{},"end":{}}]}},"s":{"0":1,"1":1,"2":1,"3":1,"4":1,"5":1,"6":1,"7":1,"8":1,"9":1,"10":0,"11":1,"12":1,"13":1,"14":1,"15":1,"16":1,"17":0,"18":0,"19":1,"20":0,"21":1,"22":1,"23":1,"24":1,"25":1,"26":1,"27":0,"28":1,"29":1,"30":1,"31":1,"32":1,"33":1,"34":0,"35":0,"36":1,"37":0,"38":1,"39":1,"40":1,"41":1,"42":1,"43":1,"44":0,"45":1},"f":{"0":1,"1":1,"2":1,"3":1,"4":1,"5":1,"6":1,"7":1,"8":1,"9":1},"b":{"0":[1],"1":[1],"2":[1],"3":[1],"4":[0,1],"5":[0,1]}}
,"/home/higorasilverio/curotec/backend/src/middlewares/errorHandler.ts": {"path":"/home/higorasilverio/curotec/backend/src/middlewares/errorHandler.ts","statementMap":{"0":{"start":{"line":2,"column":0},"end":{"line":2,"column":40}},"1":{"start":{"line":4,"column":28},"end":{"line":17,"column":1}},"2":{"start":{"line":10,"column":2},"end":{"line":13,"column":3}},"3":{"start":{"line":11,"column":4},"end":{"line":11,"column":49}},"4":{"start":{"line":12,"column":4},"end":{"line":12,"column":11}},"5":{"start":{"line":15,"column":2},"end":{"line":15,"column":21}},"6":{"start":{"line":16,"column":2},"end":{"line":16,"column":59}},"7":{"start":{"line":4,"column":13},"end":{"line":4,"column":28}}},"fnMap":{"0":{"name":"(anonymous_0)","decl":{"start":{"line":4,"column":28},"end":{"line":4,"column":null}},"loc":{"start":{"line":9,"column":10},"end":{"line":17,"column":1}}}},"branchMap":{"0":{"loc":{"start":{"line":10,"column":2},"end":{"line":13,"column":3}},"type":"if","locations":[{"start":{"line":10,"column":2},"end":{"line":13,"column":3}},{"start":{},"end":{}}]}},"s":{"0":1,"1":1,"2":0,"3":0,"4":0,"5":0,"6":0,"7":1},"f":{"0":0},"b":{"0":[0,0]}}
,"/home/higorasilverio/curotec/backend/src/routes/auth.routes.ts": {"path":"/home/higorasilverio/curotec/backend/src/routes/auth.routes.ts","statementMap":{"0":{"start":{"line":1,"column":0},"end":{"line":1,"column":35}},"1":{"start":{"line":2,"column":0},"end":{"line":2,"column":31}},"2":{"start":{"line":3,"column":0},"end":{"line":3,"column":30}},"3":{"start":{"line":4,"column":0},"end":{"line":4,"column":39}},"4":{"start":{"line":6,"column":15},"end":{"line":6,"column":31}},"5":{"start":{"line":7,"column":15},"end":{"line":7,"column":53}},"6":{"start":{"line":16,"column":24},"end":{"line":37,"column":2}},"7":{"start":{"line":16,"column":78},"end":{"line":37,"column":2}},"8":{"start":{"line":17,"column":33},"end":{"line":17,"column":41}},"9":{"start":{"line":19,"column":2},"end":{"line":20,"column":80}},"10":{"start":{"line":20,"column":4},"end":{"line":20,"column":80}},"11":{"start":{"line":22,"column":19},"end":{"line":22,"column":72}},"12":{"start":{"line":23,"column":2},"end":{"line":24,"column":73}},"13":{"start":{"line":24,"column":4},"end":{"line":24,"column":73}},"14":{"start":{"line":26,"column":15},"end":{"line":26,"column":46}},"15":{"start":{"line":28,"column":15},"end":{"line":33,"column":4}},"16":{"start":{"line":35,"column":16},"end":{"line":35,"column":74}},"17":{"start":{"line":36,"column":2},"end":{"line":36,"column":34}},"18":{"start":{"line":63,"column":0},"end":{"line":65,"column":3}},"19":{"start":{"line":64,"column":2},"end":{"line":64,"column":40}},"20":{"start":{"line":67,"column":21},"end":{"line":77,"column":2}},"21":{"start":{"line":67,"column":75},"end":{"line":77,"column":2}},"22":{"start":{"line":68,"column":33},"end":{"line":68,"column":41}},"23":{"start":{"line":70,"column":15},"end":{"line":70,"column":68}},"24":{"start":{"line":71,"column":2},"end":{"line":73,"column":3}},"25":{"start":{"line":72,"column":4},"end":{"line":72,"column":68}},"26":{"start":{"line":75,"column":16},"end":{"line":75,"column":74}},"27":{"start":{"line":76,"column":2},"end":{"line":76,"column":22}},"28":{"start":{"line":103,"column":0},"end":{"line":105,"column":3}},"29":{"start":{"line":104,"column":2},"end":{"line":104,"column":37}},"30":{"start":{"line":107,"column":0},"end":{"line":107,"column":22}}},"fnMap":{"0":{"name":"(anonymous_17)","decl":{"start":{"line":16,"column":24},"end":{"line":16,"column":31}},"loc":{"start":{"line":16,"column":78},"end":{"line":37,"column":2}}},"1":{"name":"(anonymous_18)","decl":{"start":{"line":16,"column":78},"end":{"line":16,"column":null}},"loc":{"start":{"line":16,"column":78},"end":{"line":37,"column":1}}},"2":{"name":"(anonymous_19)","decl":{"start":{"line":63,"column":25},"end":{"line":63,"column":26}},"loc":{"start":{"line":63,"column":44},"end":{"line":65,"column":1}}},"3":{"name":"(anonymous_20)","decl":{"start":{"line":67,"column":21},"end":{"line":67,"column":28}},"loc":{"start":{"line":67,"column":75},"end":{"line":77,"column":2}}},"4":{"name":"(anonymous_21)","decl":{"start":{"line":67,"column":75},"end":{"line":67,"column":null}},"loc":{"start":{"line":67,"column":75},"end":{"line":77,"column":1}}},"5":{"name":"(anonymous_22)","decl":{"start":{"line":103,"column":22},"end":{"line":103,"column":23}},"loc":{"start":{"line":103,"column":41},"end":{"line":105,"column":1}}}},"branchMap":{"0":{"loc":{"start":{"line":7,"column":15},"end":{"line":7,"column":53}},"type":"binary-expr","locations":[{"start":{"line":7,"column":15},"end":{"line":7,"column":37}},{"start":{"line":7,"column":41},"end":{"line":7,"column":53}}]},"1":{"loc":{"start":{"line":19,"column":2},"end":{"line":20,"column":80}},"type":"if","locations":[{"start":{"line":19,"column":2},"end":{"line":20,"column":80}},{"start":{},"end":{}}]},"2":{"loc":{"start":{"line":19,"column":6},"end":{"line":19,"column":28}},"type":"binary-expr","locations":[{"start":{"line":19,"column":6},"end":{"line":19,"column":15}},{"start":{"line":19,"column":19},"end":{"line":19,"column":28}}]},"3":{"loc":{"start":{"line":23,"column":2},"end":{"line":24,"column":73}},"type":"if","locations":[{"start":{"line":23,"column":2},"end":{"line":24,"column":73}},{"start":{},"end":{}}]},"4":{"loc":{"start":{"line":71,"column":2},"end":{"line":73,"column":3}},"type":"if","locations":[{"start":{"line":71,"column":2},"end":{"line":73,"column":3}},{"start":{},"end":{}}]},"5":{"loc":{"start":{"line":71,"column":6},"end":{"line":71,"column":63}},"type":"binary-expr","locations":[{"start":{"line":71,"column":6},"end":{"line":71,"column":11}},{"start":{"line":71,"column":15},"end":{"line":71,"column":63}}]}},"s":{"0":1,"1":1,"2":1,"3":1,"4":1,"5":1,"6":1,"7":0,"8":0,"9":0,"10":0,"11":0,"12":0,"13":0,"14":0,"15":0,"16":0,"17":0,"18":1,"19":0,"20":1,"21":0,"22":0,"23":0,"24":0,"25":0,"26":0,"27":0,"28":1,"29":0,"30":1},"f":{"0":0,"1":0,"2":0,"3":0,"4":0,"5":0},"b":{"0":[1,0],"1":[0,0],"2":[0,0],"3":[0,0],"4":[0,0],"5":[0,0]}}
,"/home/higorasilverio/curotec/backend/src/routes/task.routes.ts": {"path":"/home/higorasilverio/curotec/backend/src/routes/task.routes.ts","statementMap":{"0":{"start":{"line":1,"column":0},"end":{"line":1,"column":33}},"1":{"start":{"line":2,"column":0},"end":{"line":2,"column":65}},"2":{"start":{"line":3,"column":0},"end":{"line":3,"column":66}},"3":{"start":{"line":5,"column":15},"end":{"line":5,"column":23}},"4":{"start":{"line":8,"column":0},"end":{"line":8,"column":30}},"5":{"start":{"line":66,"column":0},"end":{"line":66,"column":44}},"6":{"start":{"line":91,"column":0},"end":{"line":91,"column":47}},"7":{"start":{"line":113,"column":0},"end":{"line":113,"column":44}},"8":{"start":{"line":143,"column":0},"end":{"line":143,"column":46}},"9":{"start":{"line":164,"column":0},"end":{"line":164,"column":49}},"10":{"start":{"line":166,"column":0},"end":{"line":166,"column":22}}},"fnMap":{},"branchMap":{},"s":{"0":1,"1":1,"2":1,"3":1,"4":1,"5":1,"6":1,"7":1,"8":1,"9":1,"10":1},"f":{},"b":{}}
,"/home/higorasilverio/curotec/backend/src/routes/v1/index.ts": {"path":"/home/higorasilverio/curotec/backend/src/routes/v1/index.ts","statementMap":{"0":{"start":{"line":1,"column":0},"end":{"line":1,"column":33}},"1":{"start":{"line":2,"column":0},"end":{"line":2,"column":40}},"2":{"start":{"line":4,"column":15},"end":{"line":4,"column":23}},"3":{"start":{"line":6,"column":0},"end":{"line":6,"column":33}},"4":{"start":{"line":8,"column":0},"end":{"line":8,"column":22}}},"fnMap":{},"branchMap":{},"s":{"0":1,"1":1,"2":1,"3":1,"4":1},"f":{},"b":{}}
,"/home/higorasilverio/curotec/backend/src/services/task.service.ts": {"path":"/home/higorasilverio/curotec/backend/src/services/task.service.ts","statementMap":{"0":{"start":{"line":1,"column":0},"end":{"line":1,"column":46}},"1":{"start":{"line":2,"column":0},"end":{"line":2,"column":39}},"2":{"start":{"line":4,"column":27},"end":{"line":4,"column":55}},"3":{"start":{"line":4,"column":33},"end":{"line":4,"column":55}},"4":{"start":{"line":4,"column":13},"end":{"line":4,"column":27}},"5":{"start":{"line":6,"column":27},"end":{"line":7,"column":43}},"6":{"start":{"line":7,"column":2},"end":{"line":7,"column":43}},"7":{"start":{"line":6,"column":13},"end":{"line":6,"column":27}},"8":{"start":{"line":9,"column":26},"end":{"line":11,"column":33}},"9":{"start":{"line":11,"column":5},"end":{"line":11,"column":33}},"10":{"start":{"line":9,"column":13},"end":{"line":9,"column":26}},"11":{"start":{"line":13,"column":26},"end":{"line":14,"column":63}},"12":{"start":{"line":14,"column":2},"end":{"line":14,"column":63}},"13":{"start":{"line":14,"column":58},"end":{"line":14,"column":62}},"14":{"start":{"line":13,"column":13},"end":{"line":13,"column":26}},"15":{"start":{"line":16,"column":26},"end":{"line":16,"column":79}},"16":{"start":{"line":16,"column":42},"end":{"line":16,"column":79}},"17":{"start":{"line":16,"column":13},"end":{"line":16,"column":26}},"18":{"start":{"line":18,"column":32},"end":{"line":54,"column":2}},"19":{"start":{"line":28,"column":5},"end":{"line":54,"column":2}},"20":{"start":{"line":29,"column":13},"end":{"line":40,"column":null}},"21":{"start":{"line":43,"column":25},"end":{"line":51,"column":4}},"22":{"start":{"line":53,"column":2},"end":{"line":53,"column":26}},"23":{"start":{"line":18,"column":13},"end":{"line":18,"column":32}}},"fnMap":{"0":{"name":"(anonymous_7)","decl":{"start":{"line":4,"column":27},"end":{"line":4,"column":30}},"loc":{"start":{"line":4,"column":33},"end":{"line":4,"column":55}}},"1":{"name":"(anonymous_8)","decl":{"start":{"line":6,"column":27},"end":{"line":6,"column":28}},"loc":{"start":{"line":7,"column":2},"end":{"line":7,"column":43}}},"2":{"name":"(anonymous_9)","decl":{"start":{"line":9,"column":26},"end":{"line":9,"column":null}},"loc":{"start":{"line":11,"column":5},"end":{"line":11,"column":33}}},"3":{"name":"(anonymous_10)","decl":{"start":{"line":13,"column":26},"end":{"line":13,"column":27}},"loc":{"start":{"line":14,"column":2},"end":{"line":14,"column":63}}},"4":{"name":"(anonymous_11)","decl":{"start":{"line":14,"column":52},"end":{"line":14,"column":55}},"loc":{"start":{"line":14,"column":58},"end":{"line":14,"column":62}}},"5":{"name":"(anonymous_12)","decl":{"start":{"line":16,"column":26},"end":{"line":16,"column":27}},"loc":{"start":{"line":16,"column":42},"end":{"line":16,"column":79}}},"6":{"name":"(anonymous_13)","decl":{"start":{"line":18,"column":32},"end":{"line":18,"column":39}},"loc":{"start":{"line":28,"column":5},"end":{"line":54,"column":2}}},"7":{"name":"(anonymous_14)","decl":{"start":{"line":28,"column":5},"end":{"line":28,"column":null}},"loc":{"start":{"line":28,"column":1},"end":{"line":54,"column":1}}}},"branchMap":{"0":{"loc":{"start":{"line":30,"column":8},"end":{"line":37,"column":6}},"type":"binary-expr","locations":[{"start":{"line":30,"column":8},"end":{"line":30,"column":14}},{"start":{"line":30,"column":18},"end":{"line":37,"column":6}}]},"1":{"loc":{"start":{"line":38,"column":8},"end":{"line":40,"column":6}},"type":"binary-expr","locations":[{"start":{"line":38,"column":8},"end":{"line":38,"column":22}},{"start":{"line":38,"column":26},"end":{"line":40,"column":6}}]}},"s":{"0":2,"1":2,"2":2,"3":1,"4":2,"5":2,"6":2,"7":2,"8":2,"9":2,"10":2,"11":2,"12":2,"13":0,"14":2,"15":2,"16":2,"17":2,"18":2,"19":2,"20":2,"21":2,"22":2,"23":2},"f":{"0":1,"1":2,"2":2,"3":2,"4":0,"5":2,"6":2,"7":2},"b":{"0":[2,1],"1":[2,0]}}
}
